[debug] [2022-07-05T13:24:05.594Z] ----------------------------------------------------------------------
[debug] [2022-07-05T13:24:05.595Z] Command:       C:\Program Files\nodejs\node.exe C:\Users\tomco\AppData\Roaming\npm\node_modules\firebase-tools\lib\bin\firebase.js init hosting
[debug] [2022-07-05T13:24:05.595Z] CLI Version:   11.2.0
[debug] [2022-07-05T13:24:05.596Z] Platform:      win32
[debug] [2022-07-05T13:24:05.596Z] Node Version:  v14.18.1
[debug] [2022-07-05T13:24:05.596Z] Time:          Tue Jul 05 2022 15:24:05 GMT+0200 (heure d’été d’Europe centrale)
[debug] [2022-07-05T13:24:05.597Z] ----------------------------------------------------------------------
[debug] 
[debug] [2022-07-05T13:24:05.601Z] > command requires scopes: ["email","openid","https://www.googleapis.com/auth/cloudplatformprojects.readonly","https://www.googleapis.com/auth/firebase","https://www.googleapis.com/auth/cloud-platform"]
[debug] [2022-07-05T13:24:05.601Z] > authorizing via signed-in user (justy.kujawa@gmail.com)
[info] 
     ######## #### ########  ######## ########     ###     ######  ########
     ##        ##  ##     ## ##       ##     ##  ##   ##  ##       ##
     ######    ##  ########  ######   ########  #########  ######  ######
     ##        ##  ##    ##  ##       ##     ## ##     ##       ## ##
     ##       #### ##     ## ######## ########  ##     ##  ######  ########

You're about to initialize a Firebase project in this directory:

  C:\PROJECTS\MarianaRivasMall\client

Before we get started, keep in mind:

  * You are currently outside your home directory

[info] 
=== Project Setup
[info] 
[info] First, let's associate this project directory with a Firebase project.
[info] You can create multiple project aliases by running firebase use --add, 
[info] but for now we'll just set up a default project.
[info] 
